2003.11.28 05:30 B E:\Www\rutka\akcije\krokodili\admin\img\background-4.gif --> srce.rutka.net /home/httpd/html/akcije/krokodili/admin/img background-4.gif
2003.11.28 05:30 B E:\Www\rutka\akcije\krokodili\admin\img\bottom-center.gif --> srce.rutka.net /home/httpd/html/akcije/krokodili/admin/img bottom-center.gif
2003.11.28 05:30 B E:\Www\rutka\akcije\krokodili\admin\img\bottom-left.gif --> srce.rutka.net /home/httpd/html/akcije/krokodili/admin/img bottom-left.gif
2003.11.28 05:30 B E:\Www\rutka\akcije\krokodili\admin\img\bottom-right.gif --> srce.rutka.net /home/httpd/html/akcije/krokodili/admin/img bottom-right.gif
2003.11.28 05:30 B E:\Www\rutka\akcije\krokodili\admin\img\checkerboard.gif --> srce.rutka.net /home/httpd/html/akcije/krokodili/admin/img checkerboard.gif
2003.11.28 05:30 B E:\Www\rutka\akcije\krokodili\admin\img\endcap-grey.gif --> srce.rutka.net /home/httpd/html/akcije/krokodili/admin/img endcap-grey.gif
2003.11.28 05:30 B E:\Www\rutka\akcije\krokodili\admin\img\middle-center.gif --> srce.rutka.net /home/httpd/html/akcije/krokodili/admin/img middle-center.gif
2003.11.28 05:30 B E:\Www\rutka\akcije\krokodili\admin\img\middle-left.gif --> srce.rutka.net /home/httpd/html/akcije/krokodili/admin/img middle-left.gif
2003.11.28 05:30 B E:\Www\rutka\akcije\krokodili\admin\img\middle-right.gif --> srce.rutka.net /home/httpd/html/akcije/krokodili/admin/img middle-right.gif
2003.11.28 05:30 B E:\Www\rutka\akcije\krokodili\admin\img\pixel.gif --> srce.rutka.net /home/httpd/html/akcije/krokodili/admin/img pixel.gif
2003.11.28 05:30 B E:\Www\rutka\akcije\krokodili\admin\img\tab-left.gif --> srce.rutka.net /home/httpd/html/akcije/krokodili/admin/img tab-left.gif
2003.11.28 05:30 B E:\Www\rutka\akcije\krokodili\admin\img\tab-right.gif --> srce.rutka.net /home/httpd/html/akcije/krokodili/admin/img tab-right.gif
2003.11.28 05:30 B E:\Www\rutka\akcije\krokodili\admin\img\top-center.gif --> srce.rutka.net /home/httpd/html/akcije/krokodili/admin/img top-center.gif
2003.11.28 05:30 B E:\Www\rutka\akcije\krokodili\admin\img\top-left.gif --> srce.rutka.net /home/httpd/html/akcije/krokodili/admin/img top-left.gif
2003.11.28 05:30 B E:\Www\rutka\akcije\krokodili\admin\img\top-right.gif --> srce.rutka.net /home/httpd/html/akcije/krokodili/admin/img top-right.gif
2004.01.30 13:46 B E:\Www\rutka\akcije\krokodili\admin\img\background-4.gif --> ftp.rutka.net /home/httpd/html/gradivo/ius/admin/img background-4.gif
2004.01.30 13:46 B E:\Www\rutka\akcije\krokodili\admin\img\bottom-center.gif --> ftp.rutka.net /home/httpd/html/gradivo/ius/admin/img bottom-center.gif
2004.01.30 13:46 B E:\Www\rutka\akcije\krokodili\admin\img\bottom-left.gif --> ftp.rutka.net /home/httpd/html/gradivo/ius/admin/img bottom-left.gif
2004.01.30 13:46 B E:\Www\rutka\akcije\krokodili\admin\img\bottom-right.gif --> ftp.rutka.net /home/httpd/html/gradivo/ius/admin/img bottom-right.gif
2004.01.30 13:46 B E:\Www\rutka\akcije\krokodili\admin\img\checkerboard.gif --> ftp.rutka.net /home/httpd/html/gradivo/ius/admin/img checkerboard.gif
2004.01.30 13:46 B E:\Www\rutka\akcije\krokodili\admin\img\endcap-grey.gif --> ftp.rutka.net /home/httpd/html/gradivo/ius/admin/img endcap-grey.gif
2004.01.30 13:46 B E:\Www\rutka\akcije\krokodili\admin\img\middle-center.gif --> ftp.rutka.net /home/httpd/html/gradivo/ius/admin/img middle-center.gif
2004.01.30 13:46 B E:\Www\rutka\akcije\krokodili\admin\img\middle-left.gif --> ftp.rutka.net /home/httpd/html/gradivo/ius/admin/img middle-left.gif
2004.01.30 13:46 B E:\Www\rutka\akcije\krokodili\admin\img\middle-right.gif --> ftp.rutka.net /home/httpd/html/gradivo/ius/admin/img middle-right.gif
2004.01.30 13:46 B E:\Www\rutka\akcije\krokodili\admin\img\pixel.gif --> ftp.rutka.net /home/httpd/html/gradivo/ius/admin/img pixel.gif
2004.01.30 13:46 B E:\Www\rutka\akcije\krokodili\admin\img\tab-left.gif --> ftp.rutka.net /home/httpd/html/gradivo/ius/admin/img tab-left.gif
2004.01.30 13:46 B E:\Www\rutka\akcije\krokodili\admin\img\tab-right.gif --> ftp.rutka.net /home/httpd/html/gradivo/ius/admin/img tab-right.gif
2004.01.30 13:46 B E:\Www\rutka\akcije\krokodili\admin\img\top-center.gif --> ftp.rutka.net /home/httpd/html/gradivo/ius/admin/img top-center.gif
2004.01.30 13:46 B E:\Www\rutka\akcije\krokodili\admin\img\top-left.gif --> ftp.rutka.net /home/httpd/html/gradivo/ius/admin/img top-left.gif
2004.01.30 13:46 B E:\Www\rutka\akcije\krokodili\admin\img\top-right.gif --> ftp.rutka.net /home/httpd/html/gradivo/ius/admin/img top-right.gif
2004.01.30 13:46 B E:\Www\rutka\akcije\krokodili\admin\img\WS_FTP.LOG --> ftp.rutka.net /home/httpd/html/gradivo/ius/admin/img WS_FTP.LOG
2005.04.26 03:07 B F:\Www\rutka\akcije\krokodili\admin\img\background-4.gif --> srce.rutka.net /home/httpd/html/zts/scout/admin/img background-4.gif
2005.04.26 03:07 B F:\Www\rutka\akcije\krokodili\admin\img\bottom-center.gif --> srce.rutka.net /home/httpd/html/zts/scout/admin/img bottom-center.gif
2005.04.26 03:07 B F:\Www\rutka\akcije\krokodili\admin\img\bottom-left.gif --> srce.rutka.net /home/httpd/html/zts/scout/admin/img bottom-left.gif
2005.04.26 03:07 B F:\Www\rutka\akcije\krokodili\admin\img\bottom-right.gif --> srce.rutka.net /home/httpd/html/zts/scout/admin/img bottom-right.gif
2005.04.26 03:07 B F:\Www\rutka\akcije\krokodili\admin\img\checkerboard.gif --> srce.rutka.net /home/httpd/html/zts/scout/admin/img checkerboard.gif
2005.04.26 03:07 B F:\Www\rutka\akcije\krokodili\admin\img\endcap-grey.gif --> srce.rutka.net /home/httpd/html/zts/scout/admin/img endcap-grey.gif
2005.04.26 03:07 B F:\Www\rutka\akcije\krokodili\admin\img\middle-center.gif --> srce.rutka.net /home/httpd/html/zts/scout/admin/img middle-center.gif
2005.04.26 03:07 B F:\Www\rutka\akcije\krokodili\admin\img\middle-left.gif --> srce.rutka.net /home/httpd/html/zts/scout/admin/img middle-left.gif
2005.04.26 03:07 B F:\Www\rutka\akcije\krokodili\admin\img\middle-right.gif --> srce.rutka.net /home/httpd/html/zts/scout/admin/img middle-right.gif
2005.04.26 03:07 B F:\Www\rutka\akcije\krokodili\admin\img\pixel.gif --> srce.rutka.net /home/httpd/html/zts/scout/admin/img pixel.gif
2005.04.26 03:07 B F:\Www\rutka\akcije\krokodili\admin\img\tab-left.gif --> srce.rutka.net /home/httpd/html/zts/scout/admin/img tab-left.gif
2005.04.26 03:07 B F:\Www\rutka\akcije\krokodili\admin\img\tab-right.gif --> srce.rutka.net /home/httpd/html/zts/scout/admin/img tab-right.gif
2005.04.26 03:07 B F:\Www\rutka\akcije\krokodili\admin\img\top-center.gif --> srce.rutka.net /home/httpd/html/zts/scout/admin/img top-center.gif
2005.04.26 03:07 B F:\Www\rutka\akcije\krokodili\admin\img\top-left.gif --> srce.rutka.net /home/httpd/html/zts/scout/admin/img top-left.gif
2005.04.26 03:07 B F:\Www\rutka\akcije\krokodili\admin\img\top-right.gif --> srce.rutka.net /home/httpd/html/zts/scout/admin/img top-right.gif
